<?xml version="1.0" encoding="UTF-8"?>
<testng-results ignored="0" total="1" passed="1" failed="0" skipped="0">
  <reporter-output>
  </reporter-output>
  <suite started-at="2024-02-25T19:26:56 IST" name="Default suite" finished-at="2024-02-25T19:27:02 IST" duration-ms="5654">
    <groups>
    </groups>
    <test started-at="2024-02-25T19:26:56 IST" name="Default test" finished-at="2024-02-25T19:27:02 IST" duration-ms="5654">
      <class name="updated.driver">
        <test-method signature="driver1()[pri:0, instance:updated.driver@1ed6388a]" started-at="2024-02-25T19:26:56 IST" name="driver1" finished-at="2024-02-25T19:27:02 IST" duration-ms="5604" status="PASS">
          <reporter-output>
          </reporter-output>
        </test-method> <!-- driver1 -->
      </class> <!-- updated.driver -->
    </test> <!-- Default test -->
  </suite> <!-- Default suite -->
</testng-results>
